<?xml version="1.0" encoding="UTF-8"?>
<!-- Generated by org.testng.reporters.JUnitXMLReporter -->
<testsuite ignored="0" hostname="BNG-3Z8DYZ2" failures="0" tests="2" name="Default test" time="5.328" errors="0" timestamp="2022-09-21T13:16:11 IST">
  <testcase classname="com.docsService.Api.test.DocsService_API" name="document_meta_data_Docs_service_TC1" time="4.134"/>
  <testcase classname="com.docsService.Api.test.DocsService_API" name="UpdateDocument_DocsService" time="0.76"/>
</testsuite> <!-- Default test -->
