<?xml version="1.0" encoding="UTF-8"?>
<!-- Generated by org.testng.reporters.JUnitXMLReporter -->
<testsuite ignored="1" hostname="BNG-3Z8DYZ2" failures="0" tests="1" name="Default test" time="3.307" errors="0" timestamp="2022-09-16T19:09:39 IST">
  <testcase classname="com.docsService.Api.test.DocsService_API" name="UpdateDocument_DocsService" time="2.843"/>
  <testcase classname="com.docsService.Api.test.DocsService_API" name="document_meta_data_Docs_service_TC1" time="0.0">
    <ignored/>
  </testcase> <!-- document_meta_data_Docs_service_TC1 -->
</testsuite> <!-- Default test -->
