<?xml version="1.0" encoding="UTF-8"?>
<!-- Generated by org.testng.reporters.JUnitXMLReporter -->
<testsuite ignored="1" hostname="Chandraprabha-W11" failures="0" tests="9" name="Test1" time="10.714" errors="0" timestamp="2022-05-04T15:58:27 IST">
  <testcase classname="com.plms.Api.test.TestPostRequest" name="getBankAccountDetails" time="3.936"/>
  <testcase classname="com.plms.Api.test.TestPostRequest" name="getBusinessDetail" time="1.182"/>
  <testcase classname="com.plms.Api.test.TestPostRequest" name="getBusinessInfo" time="0.691"/>
  <testcase classname="com.plms.Api.test.TestPostRequest" name="getDigiLockers" time="0.583"/>
  <testcase classname="com.plms.Api.test.TestPostRequest" name="getIndividualDetails" time="0.677"/>
  <testcase classname="com.plms.Api.test.TestPostRequest" name="testBussinessRegistration" time="0.834"/>
  <testcase classname="com.plms.Api.test.TestPostRequest" name="testOtp" time="0.471"/>
  <testcase classname="com.plms.Api.test.TestPostRequest" name="testRegister" time="0.564"/>
  <testcase classname="com.plms.Api.test.TestPostRequest" name="testUploadDocument" time="0.642"/>
  <testcase classname="com.plms.Api.test.TestPostRequest" name="testBlockAccount" time="0.0">
    <ignored/>
  </testcase> <!-- testBlockAccount -->
</testsuite> <!-- Test1 -->
