<?xml version="1.0" encoding="UTF-8"?>
<testng-results skipped="0" failed="0" ignored="0" total="1" passed="1">
  <reporter-output>
  </reporter-output>
  <suite name="Default suite" duration-ms="2966" started-at="2022-11-18T10:50:37 IST" finished-at="2022-11-18T10:50:40 IST">
    <groups>
    </groups>
    <test name="Default test" duration-ms="2966" started-at="2022-11-18T10:50:37 IST" finished-at="2022-11-18T10:50:40 IST">
      <class name="com.growthPartner.Api.test.GrowthPartner_API">
        <test-method status="PASS" signature="setupReport()[pri:0, instance:com.growthPartner.Api.test.GrowthPartner_API@67c27493]" name="setupReport" is-config="true" duration-ms="134" started-at="2022-11-18T10:50:37 IST" finished-at="2022-11-18T10:50:37 IST">
          <reporter-output>
          </reporter-output>
        </test-method> <!-- setupReport -->
        <test-method status="PASS" signature="setup()[pri:0, instance:com.growthPartner.Api.test.GrowthPartner_API@67c27493]" name="setup" is-config="true" duration-ms="24" started-at="2022-11-18T10:50:37 IST" finished-at="2022-11-18T10:50:37 IST">
          <reporter-output>
          </reporter-output>
        </test-method> <!-- setup -->
        <test-method status="PASS" signature="init()[pri:0, instance:com.growthPartner.Api.test.GrowthPartner_API@67c27493]" name="init" is-config="true" duration-ms="432" started-at="2022-11-18T10:50:37 IST" finished-at="2022-11-18T10:50:37 IST">
          <reporter-output>
          </reporter-output>
        </test-method> <!-- init -->
        <test-method status="PASS" signature="generateOTP_TC1_gp()[pri:0, instance:com.growthPartner.Api.test.GrowthPartner_API@67c27493]" name="generateOTP_TC1_gp" duration-ms="2321" started-at="2022-11-18T10:50:37 IST" finished-at="2022-11-18T10:50:40 IST">
          <reporter-output>
          </reporter-output>
        </test-method> <!-- generateOTP_TC1_gp -->
        <test-method status="PASS" signature="getResult(org.testng.ITestResult)[pri:0, instance:com.growthPartner.Api.test.GrowthPartner_API@67c27493]" name="getResult" is-config="true" duration-ms="7" started-at="2022-11-18T10:50:40 IST" finished-at="2022-11-18T10:50:40 IST">
          <params>
            <param index="0">
              <value>
                <![CDATA[[TestResult name=generateOTP_TC1_gp status=SUCCESS method=GrowthPartner_API.generateOTP_TC1_gp()[pri:0, instance:com.growthPartner.Api.test.GrowthPartner_API@67c27493] output={null}]]]>
              </value>
            </param>
          </params>
          <reporter-output>
          </reporter-output>
        </test-method> <!-- getResult -->
        <test-method status="PASS" signature="teardownReport()[pri:0, instance:com.growthPartner.Api.test.GrowthPartner_API@67c27493]" name="teardownReport" is-config="true" duration-ms="273" started-at="2022-11-18T10:50:40 IST" finished-at="2022-11-18T10:50:40 IST">
          <reporter-output>
          </reporter-output>
        </test-method> <!-- teardownReport -->
      </class> <!-- com.growthPartner.Api.test.GrowthPartner_API -->
    </test> <!-- Default test -->
  </suite> <!-- Default suite -->
</testng-results>
