<?xml version="1.0" encoding="UTF-8"?>
<testng-results ignored="1" total="2" passed="1" failed="0" skipped="0">
  <reporter-output>
  </reporter-output>
  <suite started-at="2022-09-16T19:09:36 IST" name="Default suite" finished-at="2022-09-16T19:09:39 IST" duration-ms="3307">
    <groups>
    </groups>
    <test started-at="2022-09-16T19:09:36 IST" name="Default test" finished-at="2022-09-16T19:09:39 IST" duration-ms="3307">
      <class name="com.docsService.Api.test.DocsService_API">
        <test-method is-config="true" signature="setupReport()[pri:0, instance:com.docsService.Api.test.DocsService_API@632ceb35]" started-at="2022-09-16T19:09:36 IST" name="setupReport" finished-at="2022-09-16T19:09:36 IST" duration-ms="126" status="PASS">
          <reporter-output>
          </reporter-output>
        </test-method> <!-- setupReport -->
        <test-method is-config="true" signature="setup()[pri:0, instance:com.docsService.Api.test.DocsService_API@632ceb35]" started-at="2022-09-16T19:09:36 IST" name="setup" finished-at="2022-09-16T19:09:36 IST" duration-ms="24" status="PASS">
          <reporter-output>
          </reporter-output>
        </test-method> <!-- setup -->
        <test-method is-config="true" signature="init()[pri:0, instance:com.docsService.Api.test.DocsService_API@632ceb35]" started-at="2022-09-16T19:09:36 IST" name="init" finished-at="2022-09-16T19:09:36 IST" duration-ms="294" status="PASS">
          <reporter-output>
          </reporter-output>
        </test-method> <!-- init -->
        <test-method signature="UpdateDocument_DocsService()[pri:0, instance:com.docsService.Api.test.DocsService_API@632ceb35]" started-at="2022-09-16T19:09:36 IST" name="UpdateDocument_DocsService" finished-at="2022-09-16T19:09:39 IST" duration-ms="2843" status="PASS">
          <reporter-output>
          </reporter-output>
        </test-method> <!-- UpdateDocument_DocsService -->
        <test-method is-config="true" signature="getResult(org.testng.ITestResult)[pri:0, instance:com.docsService.Api.test.DocsService_API@632ceb35]" started-at="2022-09-16T19:09:39 IST" name="getResult" finished-at="2022-09-16T19:09:39 IST" duration-ms="4" status="PASS">
          <params>
            <param index="0">
              <value>
                <![CDATA[[TestResult name=UpdateDocument_DocsService status=SUCCESS method=DocsService_API.UpdateDocument_DocsService()[pri:0, instance:com.docsService.Api.test.DocsService_API@632ceb35] output={null}]]]>
              </value>
            </param>
          </params>
          <reporter-output>
          </reporter-output>
        </test-method> <!-- getResult -->
        <test-method is-config="true" signature="teardownReport()[pri:0, instance:com.docsService.Api.test.DocsService_API@632ceb35]" started-at="2022-09-16T19:09:39 IST" name="teardownReport" finished-at="2022-09-16T19:09:39 IST" duration-ms="231" status="PASS">
          <reporter-output>
          </reporter-output>
        </test-method> <!-- teardownReport -->
      </class> <!-- com.docsService.Api.test.DocsService_API -->
    </test> <!-- Default test -->
  </suite> <!-- Default suite -->
</testng-results>
